build/app/outputs/mapping/release/seeds.txt
com.mighty.quizapp_flutter.MainActivity: MainActivity()
com.mighty.quizapp_flutter.MainActivity
...
com.google.android.gms.internal.ads.zzbib: void onResume()
androidx.window.R$attr: int activityAction
androidx.lifecycle.Lifecycle$Event: androidx.lifecycle.Lifecycle$Event ON_RESUME
com.google.firestore.v1.BatchGetDocumentsResponse: com.google.firestore.v1.BatchGetDocumentsResponse DEFAULT_INSTANCE
androidx.window.R$styleable: int ActivityRule_alwaysExpand
com.google.android.gms.internal.ads.zzwa: com.google.android.gms.internal.ads.zzwa zzr
com.google.android.gms.internal.measurement.zzfk: com.google.android.gms.internal.measurement.zzfk zzi
com.google.android.gms.internal.ads.zzva: int zzf
io.flutter.plugin.editing.ImeSyncDeferringInsetsCallback$AnimationCallback: io.flutter.plugin.editing.ImeSyncDeferringInsetsCallback this$0
com.google.android.gms.internal.ads.zzemg: com.google.android.gms.internal.ads.zzemg zze
com.google.android.gms.internal.ads.zzeot: com.google.android.gms.internal.ads.zzeow zze
com.google.android.gms.internal.ads.zzdt
com.google.android.gms.internal.ads.zzeok: int zze
com.google.android.gms.internal.ads.zzexo: int zze
com.google.firebase.firestore.proto.NoDocument: com.google.firebase.firestore.proto.NoDocument DEFAULT_INSTANCE
androidx.window.layout.WindowInfoTracker$Companion: void reset()
androidx.window.R$styleable: R$styleable()
com.google.firestore.v1.Target$QueryTarget: int STRUCTURED_QUERY_FIELD_NUMBER
com.google.android.gms.internal.ads.zzvd
androidx.window.layout.SidecarCompat: androidx.window.sidecar.SidecarInterface sidecar
com.google.protobuf.GeneratedMessageLite$MethodToInvoke: com.google.protobuf.GeneratedMessageLite$MethodToInvoke valueOf(java.lang.String)
io.flutter.embedding.engine.FlutterJNI: void onSurfaceWindowChanged(android.view.Surface)
com.google.android.gms.internal.ads.zzvq: int zzl
com.google.android.gms.internal.ads.zzcb: java.lang.String zzl
androidx.window.embedding.SplitRule: int getMinSmallestWidth()
androidx.window.embedding.SplitController: java.util.concurrent.locks.ReentrantLock globalLock
com.google.android.gms.internal.ads.zzxm: int zzm
androidx.window.embedding.EmbeddingBackend: void registerRule(androidx.window.embedding.EmbeddingRule)
androidx.window.embedding.ActivityRule: int hashCode()
com.google.android.gms.internal.ads.zzdc: long zzL
com.google.android.gms.ads.search.SearchAdView
com.google.android.gms.internal.measurement.zzgm
com.google.android.gms.internal.ads.zzvq: com.google.android.gms.internal.ads.zzxk zzh
com.google.protobuf.ProtoSyntax: com.google.protobuf.ProtoSyntax valueOf(java.lang.String)
com.google.android.gms.internal.ads.zzwc: int zzf
androidx.window.embedding.SplitPairRule: java.util.Set getFilters()
com.google.firebase.auth.ActionCodeSettings: android.os.Parcelable$Creator CREATOR
com.google.android.gms.internal.firebase-auth-api.zzxd: android.os.Parcelable$Creator CREATOR
com.google.android.gms.internal.ads.zzce: com.google.android.gms.internal.ads.zzce zzg
com.google.android.gms.internal.ads.zzena: com.google.android.gms.internal.ads.zzesf zzf
com.google.android.gms.internal.ads.zzexr: com.google.android.gms.internal.ads.zzewr zzj
com.google.firestore.v1.DocumentMask: int FIELD_PATHS_FIELD_NUMBER
com.google.firebase.ktx.FirebaseCommonKtxRegistrar
com.google.android.gms.measurement.AppMeasurement: int getMaxUserProperties(java.lang.String)
com.google.firestore.v1.Target: int QUERY_FIELD_NUMBER
io.flutter.embedding.engine.FlutterJNI: void prefetchDefaultFontManager()
com.google.android.gms.internal.ads.zznh: android.os.Parcelable$Creator CREATOR
androidx.window.layout.WindowMetricsCalculator$Companion: kotlin.jvm.functions.Function1 decorator
com.google.android.gms.internal.measurement.zzfw: java.lang.String zzR
com.google.android.gms.internal.ads.zzvi: com.google.android.gms.internal.ads.zzxe zzf
kotlin.coroutines.jvm.internal.BaseContinuationImpl: kotlin.coroutines.Continuation getCompletion()
kotlinx.coroutines.android.AndroidDispatcherFactory: kotlinx.coroutines.MainCoroutineDispatcher createDispatcher(java.util.List)