build/app/outputs/mapping/release/mapping.txt
# compiler: R8
# compiler_version: 2.1.62
# min_api: 21
# pg_map_id: a353dad
# common_typos_disable
...
com.google.firestore.v1.Write$Builder -> f.a.e.b.y$b:
    com.google.firestore.v1.Write$Builder addUpdateTransforms(com.google.firestore.v1.DocumentTransform$FieldTransform) -> B
    com.google.firestore.v1.Write$Builder setCurrentDocument(com.google.firestore.v1.Precondition) -> C
    com.google.firestore.v1.Write$Builder setDelete(java.lang.String) -> D
    com.google.firestore.v1.Write$Builder setUpdate(com.google.firestore.v1.Document) -> E
    com.google.firestore.v1.Write$Builder setUpdateMask(com.google.firestore.v1.DocumentMask) -> G
    com.google.firestore.v1.Write$Builder setVerify(java.lang.String) -> H
com.google.firestore.v1.Write$OperationCase -> f.a.e.b.y$c:
    com.google.firestore.v1.Write$OperationCase[] $VALUES -> s
    com.google.firestore.v1.Write$OperationCase DELETE -> o
    com.google.firestore.v1.Write$OperationCase VERIFY -> p
    com.google.firestore.v1.Write$OperationCase TRANSFORM -> q
    com.google.firestore.v1.Write$OperationCase OPERATION_NOT_SET -> r
    com.google.firestore.v1.Write$OperationCase UPDATE -> n
    com.google.firestore.v1.Write$OperationCase forNumber(int) -> c
com.google.firestore.v1.WriteRequest -> f.a.e.b.z:
    com.google.firestore.v1.WriteRequest access$000() -> S
    void access$100(com.google.firestore.v1.WriteRequest,java.lang.String) -> T
    void access$1300(com.google.firestore.v1.WriteRequest,com.google.protobuf.ByteString) -> U
    void access$800(com.google.firestore.v1.WriteRequest,com.google.firestore.v1.Write) -> V
    void addWrites(com.google.firestore.v1.Write) -> W
    void ensureWritesIsMutable() -> X
    com.google.firestore.v1.WriteRequest getDefaultInstance() -> Y
    com.google.firestore.v1.WriteRequest$Builder newBuilder() -> Z
    void setDatabase(java.lang.String) -> a0
    void setStreamToken(com.google.protobuf.ByteString) -> c0
    java.lang.Object dynamicMethod(com.google.protobuf.GeneratedMessageLite$MethodToInvoke,java.lang.Object,java.lang.Object) -> x
com.google.firestore.v1.WriteRequest$1 -> f.a.e.b.z$a:
    int[] $SwitchMap$com$google$protobuf$GeneratedMessageLite$MethodToInvoke -> a
com.google.firestore.v1.WriteRequest$Builder -> f.a.e.b.z$b:
    com.google.firestore.v1.WriteRequest$Builder addWrites(com.google.firestore.v1.Write) -> B
    com.google.firestore.v1.WriteRequest$Builder setDatabase(java.lang.String) -> C
    com.google.firestore.v1.WriteRequest$Builder setStreamToken(com.google.protobuf.ByteString) -> D
com.google.firestore.v1.WriteRequest$LabelsDefaultEntryHolder -> f.a.e.b.z$c:
    com.google.protobuf.MapEntryLite defaultEntry -> a
com.google.firestore.v1.WriteResponse -> f.a.e.b.a0:
    com.google.firestore.v1.WriteResponse access$000() -> S
    com.google.protobuf.Timestamp getCommitTime() -> T
    com.google.firestore.v1.WriteResponse getDefaultInstance() -> U
    com.google.protobuf.ByteString getStreamToken() -> V
    com.google.firestore.v1.WriteResult getWriteResults(int) -> W
    int getWriteResultsCount() -> X
    java.lang.Object dynamicMethod(com.google.protobuf.GeneratedMessageLite$MethodToInvoke,java.lang.Object,java.lang.Object) -> x
com.google.firestore.v1.WriteResponse$1 -> f.a.e.b.a0$a:
    int[] $SwitchMap$com$google$protobuf$GeneratedMessageLite$MethodToInvoke -> a
com.google.firestore.v1.WriteResponse$Builder -> f.a.e.b.a0$b:
com.google.firestore.v1.WriteResult -> f.a.e.b.b0:
    com.google.firestore.v1.WriteResult access$000() -> S
    com.google.firestore.v1.Value getTransformResults(int) -> T
    int getTransformResultsCount() -> U
    com.google.protobuf.Timestamp getUpdateTime() -> V
    java.lang.Object dynamicMethod(com.google.protobuf.GeneratedMessageLite$MethodToInvoke,java.lang.Object,java.lang.Object) -> x
com.google.firestore.v1.WriteResult$1 -> f.a.e.b.b0$a:
    int[] $SwitchMap$com$google$protobuf$GeneratedMessageLite$MethodToInvoke -> a
com.google.firestore.v1.WriteResult$Builder -> f.a.e.b.b0$b: