build/app/outputs/mapping/release/usage.txt
com.mighty.quizapp_flutter.R$dimen
com.mighty.quizapp_flutter.R$integer
com.mighty.quizapp_flutter.R$mipmap
com.mighty.quizapp_flutter.R$color
com.mighty.quizapp_flutter.R$attr
com.mighty.quizapp_flutter.R$xml
com.mighty.quizapp_flutter.BuildConfig
com.mighty.quizapp_flutter.R$id
com.mighty.quizapp_flutter.R$string
com.mighty.quizapp_flutter.R$layout
com.mighty.quizapp_flutter.R$style
com.mighty.quizapp_flutter.R$styleable
com.mighty.quizapp_flutter.R$drawable
com.mighty.quizapp_flutter.R$bool
com.mighty.quizapp_flutter.R
...
kotlinx.coroutines.flow.FlowKt__ContextKt
com.google.android.gms.internal.auth-api.zzl
io.flutter.embedding.engine.FlutterEngineConnectionRegistry$FlutterEngineActivityPluginBinding:
    public void addOnNewIntentListener(io.flutter.plugin.common.PluginRegistry$NewIntentListener)
    public void removeOnNewIntentListener(io.flutter.plugin.common.PluginRegistry$NewIntentListener)
    public void addOnUserLeaveHintListener(io.flutter.plugin.common.PluginRegistry$UserLeaveHintListener)
    public void removeOnUserLeaveHintListener(io.flutter.plugin.common.PluginRegistry$UserLeaveHintListener)
    public void addOnSaveStateListener(io.flutter.embedding.engine.plugins.activity.ActivityPluginBinding$OnSaveInstanceStateListener)
    public void removeOnSaveStateListener(io.flutter.embedding.engine.plugins.activity.ActivityPluginBinding$OnSaveInstanceStateListener)
com.google.android.gms.internal.ads.zzepb:
    private void <init>()
androidx.sqlite.db.framework.FrameworkSQLiteOpenHelper:
    public java.lang.String getDatabaseName()
    public androidx.sqlite.db.SupportSQLiteDatabase getReadableDatabase()
    public void close()
com.google.common.collect.BaseImmutableMultimap
com.google.api.QuotaProto
com.tekartik.sqflite.R$string
com.google.android.gms.common.data.DataHolder$Builder:
    static synthetic java.lang.String[] zaa(com.google.android.gms.common.data.DataHolder$Builder)
    static synthetic java.util.ArrayList zab(com.google.android.gms.common.data.DataHolder$Builder)
    public com.google.android.gms.common.data.DataHolder$Builder zaa(java.util.HashMap)
    public com.google.android.gms.common.data.DataHolder$Builder withRow(android.content.ContentValues)
    public com.google.android.gms.common.data.DataHolder build(int)
    public com.google.android.gms.common.data.DataHolder build(int,android.os.Bundle)
com.google.gson.internal.bind.ObjectTypeAdapter$2
androidx.work.impl.background.greedy.GreedyScheduler:
    public void <init>(androidx.work.impl.WorkManagerImpl,androidx.work.impl.constraints.WorkConstraintsTracker)
androidx.core.os.ParcelableCompatCreatorCallbacks
kotlinx.coroutines.flow.FlowKt__TransformKt$onEach$$inlined$unsafeTransform$1$2
io.flutter.plugins.firebase.firestore.utils.ExceptionConverter:
    public void <init>()
com.google.common.reflect.Invokable$ConstructorInvokable
com.squareup.okhttp.internal.framed.FramedStream$StreamTimeout
com.google.common.graph.Traverser$TreeTraverser$1
javax.annotation.concurrent.ThreadSafe
kotlinx.coroutines.channels.AbstractChannel$ReceiveElementWithUndeliveredHandler
kotlinx.coroutines.DelicateCoroutinesApi
com.google.firebase.auth.TwitterAuthProvider:
    private void <init>()
    public static final java.lang.String PROVIDER_ID
    public static final java.lang.String TWITTER_SIGN_IN_METHOD
com.google.firebase.firestore.local.MemoryMutationQueue:
    long getByteSize(com.google.firebase.firestore.local.LocalSerializer)
com.google.api.MetricDescriptor$MetricDescriptorMetadata$Builder
kotlin.coroutines.intrinsics.IntrinsicsKt:
    private void <init>()
com.google.protobuf.UnmodifiableLazyStringList:
    public com.google.protobuf.ByteString getByteString(int)
    public void set(int,com.google.protobuf.ByteString)
    public boolean addAllByteString(java.util.Collection)
    public byte[] getByteArray(int)
    public void add(byte[])
    public void set(int,byte[])
    public boolean addAllByteArray(java.util.Collection)
    public void mergeFrom(com.google.protobuf.LazyStringList)
    public java.util.List asByteArrayList()
    public java.util.List asByteStringList()
com.google.common.collect.MultimapBuilder$MultimapBuilderWithKeys
com.google.android.gms.internal.consent_sdk.zzcu
androidx.core.content.pm.ShortcutInfoCompat$Builder
com.google.common.reflect.TypeResolver
kotlinx.coroutines.flow.LintKt
com.google.common.collect.MultimapBuilder$LinkedHashSetSupplier
androidx.core.location.GnssStatusCompat
androidx.lifecycle.ComputableLiveData$3